2026-05-04 14:45:55 [INFO    ] [scraper] ======================================================================
2026-05-04 14:45:55 [INFO    ] [scraper] Starting incremental stock collection for 2026-05-03
2026-05-04 14:45:55 [INFO    ] [scraper] ======================================================================
2026-05-04 14:45:55 [INFO    ] [scraper] [1/143] Fetching AAPL ...
2026-05-04 14:46:01 [INFO    ] [scraper] [2/143] Fetching TSLA ...
2026-05-04 14:46:02 [INFO    ] [scraper] [3/143] Fetching AMZN ...
2026-05-04 14:46:04 [INFO    ] [scraper] [4/143] Fetching MSFT ...
2026-05-04 14:46:05 [INFO    ] [scraper] [5/143] Fetching NVDA ...
2026-05-04 14:46:07 [INFO    ] [scraper] [6/143] Fetching GOOGL ...
2026-05-04 14:46:08 [INFO    ] [scraper] [7/143] Fetching META ...
2026-05-04 14:46:10 [INFO    ] [scraper] [8/143] Fetching AMD ...
2026-05-04 14:46:11 [INFO    ] [scraper] [9/143] Fetching INTC ...
2026-05-04 14:46:12 [INFO    ] [scraper] [10/143] Fetching QCOM ...
2026-05-04 14:46:14 [INFO    ] [scraper] [11/143] Fetching AVGO ...
2026-05-04 14:46:15 [INFO    ] [scraper] [12/143] Fetching TSM ...
2026-05-04 14:46:17 [INFO    ] [scraper] [13/143] Fetching ASML ...
2026-05-04 14:46:18 [INFO    ] [scraper] [14/143] Fetching MU ...
2026-05-04 14:46:20 [INFO    ] [scraper] [15/143] Fetching AMAT ...
2026-05-04 14:46:21 [INFO    ] [scraper] [16/143] Fetching KLAC ...
2026-05-04 14:46:22 [INFO    ] [scraper] [17/143] Fetching LRCX ...
2026-05-04 14:46:24 [INFO    ] [scraper] [18/143] Fetching ARM ...
2026-05-04 14:46:25 [INFO    ] [scraper] [19/143] Fetching CRM ...
2026-05-04 14:46:27 [INFO    ] [scraper] [20/143] Fetching NOW ...
2026-05-04 14:46:28 [INFO    ] [scraper] [21/143] Fetching WDAY ...
2026-05-04 14:46:29 [INFO    ] [scraper] [22/143] Fetching SNOW ...
2026-05-04 14:46:31 [INFO    ] [scraper] [23/143] Fetching PLTR ...
2026-05-04 14:46:32 [INFO    ] [scraper] [24/143] Fetching ADBE ...
2026-05-04 14:46:34 [INFO    ] [scraper] [25/143] Fetching ORCL ...
2026-05-04 14:46:35 [INFO    ] [scraper] [26/143] Fetching INTU ...
2026-05-04 14:46:36 [INFO    ] [scraper] [27/143] Fetching DDOG ...
2026-05-04 14:46:38 [INFO    ] [scraper] [28/143] Fetching SHOP ...
2026-05-04 14:46:39 [INFO    ] [scraper] [29/143] Fetching PYPL ...
2026-05-04 14:46:41 [INFO    ] [scraper] [30/143] Fetching NFLX ...
2026-05-04 14:46:42 [INFO    ] [scraper] [31/143] Fetching SPOT ...
2026-05-04 14:46:43 [INFO    ] [scraper] [32/143] Fetching UBER ...
2026-05-04 14:46:45 [INFO    ] [scraper] [33/143] Fetching ABNB ...
2026-05-04 14:46:46 [INFO    ] [scraper] [34/143] Fetching BKNG ...
2026-05-04 14:46:48 [INFO    ] [scraper] [35/143] Fetching DASH ...
2026-05-04 14:46:49 [INFO    ] [scraper] [36/143] Fetching JPM ...
2026-05-04 14:46:51 [INFO    ] [scraper] [37/143] Fetching GS ...
2026-05-04 14:46:52 [INFO    ] [scraper] [38/143] Fetching BAC ...
2026-05-04 14:46:54 [INFO    ] [scraper] [39/143] Fetching MS ...
2026-05-04 14:46:55 [INFO    ] [scraper] [40/143] Fetching C ...
2026-05-04 14:46:57 [INFO    ] [scraper] [41/143] Fetching WFC ...
2026-05-04 14:46:58 [INFO    ] [scraper] [42/143] Fetching BLK ...
2026-05-04 14:47:00 [INFO    ] [scraper] [43/143] Fetching AXP ...
2026-05-04 14:47:01 [INFO    ] [scraper] [44/143] Fetching SCHW ...
2026-05-04 14:47:03 [INFO    ] [scraper] [45/143] Fetching BRK-B ...
2026-05-04 14:47:04 [INFO    ] [scraper] [46/143] Fetching CB ...
2026-05-04 14:47:06 [INFO    ] [scraper] [47/143] Fetching MET ...
2026-05-04 14:47:07 [INFO    ] [scraper] [48/143] Fetching PRU ...
2026-05-04 14:47:08 [INFO    ] [scraper] [49/143] Fetching ALL ...
2026-05-04 14:47:10 [INFO    ] [scraper] [50/143] Fetching PGR ...
2026-05-04 14:47:11 [INFO    ] [scraper] [51/143] Fetching AFL ...
2026-05-04 14:47:13 [INFO    ] [scraper] [52/143] Fetching AIG ...
2026-05-04 14:47:14 [INFO    ] [scraper] [53/143] Fetching TRV ...
2026-05-04 14:47:16 [INFO    ] [scraper] [54/143] Fetching XOM ...
2026-05-04 14:47:17 [INFO    ] [scraper] [55/143] Fetching CVX ...
2026-05-04 14:47:19 [INFO    ] [scraper] [56/143] Fetching COP ...
2026-05-04 14:47:20 [INFO    ] [scraper] [57/143] Fetching BP ...
2026-05-04 14:47:22 [INFO    ] [scraper] [58/143] Fetching SHEL ...
2026-05-04 14:47:23 [INFO    ] [scraper] [59/143] Fetching SLB ...
2026-05-04 14:47:25 [INFO    ] [scraper] [60/143] Fetching OXY ...
2026-05-04 14:47:27 [INFO    ] [scraper] [61/143] Fetching PSX ...
2026-05-04 14:47:28 [INFO    ] [scraper] [62/143] Fetching HAL ...
2026-05-04 14:47:29 [INFO    ] [scraper] [63/143] Fetching NEE ...
2026-05-04 14:47:31 [INFO    ] [scraper] [64/143] Fetching ENPH ...
2026-05-04 14:47:32 [INFO    ] [scraper] [65/143] Fetching SEDG ...
2026-05-04 14:47:34 [INFO    ] [scraper] [66/143] Fetching FSLR ...
2026-05-04 14:47:35 [INFO    ] [scraper] [67/143] Fetching RUN ...
2026-05-04 14:47:36 [INFO    ] [scraper] [68/143] Fetching BE ...
2026-05-04 14:47:38 [INFO    ] [scraper] [69/143] Fetching CEG ...
2026-05-04 14:47:39 [INFO    ] [scraper] [70/143] Fetching VST ...
2026-05-04 14:47:41 [INFO    ] [scraper] [71/143] Fetching AEP ...
2026-05-04 14:47:42 [INFO    ] [scraper] [72/143] Fetching JNJ ...
2026-05-04 14:47:44 [INFO    ] [scraper] [73/143] Fetching PFE ...
2026-05-04 14:47:45 [INFO    ] [scraper] [74/143] Fetching MRK ...
2026-05-04 14:47:47 [INFO    ] [scraper] [75/143] Fetching ABBV ...
2026-05-04 14:47:48 [INFO    ] [scraper] [76/143] Fetching LLY ...
2026-05-04 14:47:50 [INFO    ] [scraper] [77/143] Fetching UNH ...
2026-05-04 14:47:51 [INFO    ] [scraper] [78/143] Fetching CVS ...
2026-05-04 14:47:53 [INFO    ] [scraper] [79/143] Fetching BMY ...
2026-05-04 14:47:54 [INFO    ] [scraper] [80/143] Fetching AMGN ...
2026-05-04 14:47:56 [INFO    ] [scraper] [81/143] Fetching GILD ...
2026-05-04 14:47:57 [INFO    ] [scraper] [82/143] Fetching REGN ...
2026-05-04 14:47:58 [INFO    ] [scraper] [83/143] Fetching VRTX ...
2026-05-04 14:48:00 [INFO    ] [scraper] [84/143] Fetching MRNA ...
2026-05-04 14:48:01 [INFO    ] [scraper] [85/143] Fetching ISRG ...
2026-05-04 14:48:03 [INFO    ] [scraper] [86/143] Fetching BSX ...
2026-05-04 14:48:04 [INFO    ] [scraper] [87/143] Fetching MDT ...
2026-05-04 14:48:05 [INFO    ] [scraper] [88/143] Fetching SYK ...
2026-05-04 14:48:07 [INFO    ] [scraper] [89/143] Fetching EW ...
2026-05-04 14:48:08 [INFO    ] [scraper] [90/143] Fetching KO ...
2026-05-04 14:48:10 [INFO    ] [scraper] [91/143] Fetching PEP ...
2026-05-04 14:48:11 [INFO    ] [scraper] [92/143] Fetching PG ...
2026-05-04 14:48:13 [INFO    ] [scraper] [93/143] Fetching COST ...
2026-05-04 14:48:14 [INFO    ] [scraper] [94/143] Fetching WMT ...
2026-05-04 14:48:16 [INFO    ] [scraper] [95/143] Fetching MCD ...
2026-05-04 14:48:17 [INFO    ] [scraper] [96/143] Fetching MDLZ ...
2026-05-04 14:48:19 [INFO    ] [scraper] [97/143] Fetching CL ...
2026-05-04 14:48:21 [INFO    ] [scraper] [98/143] Fetching GIS ...
2026-05-04 14:48:22 [INFO    ] [scraper] [99/143] Fetching NKE ...
2026-05-04 14:48:24 [INFO    ] [scraper] [100/143] Fetching SBUX ...
2026-05-04 14:48:25 [INFO    ] [scraper] [101/143] Fetching TGT ...
2026-05-04 14:48:27 [INFO    ] [scraper] [102/143] Fetching HD ...
2026-05-04 14:48:28 [INFO    ] [scraper] [103/143] Fetching DIS ...
2026-05-04 14:48:30 [INFO    ] [scraper] [104/143] Fetching RIVN ...
2026-05-04 14:48:31 [INFO    ] [scraper] [105/143] Fetching GM ...
2026-05-04 14:48:32 [INFO    ] [scraper] [106/143] Fetching F ...
2026-05-04 14:48:34 [INFO    ] [scraper] [107/143] Fetching LOW ...
2026-05-04 14:48:35 [INFO    ] [scraper] [108/143] Fetching BA ...
2026-05-04 14:48:37 [INFO    ] [scraper] [109/143] Fetching CAT ...
2026-05-04 14:48:39 [INFO    ] [scraper] [110/143] Fetching GE ...
2026-05-04 14:48:40 [INFO    ] [scraper] [111/143] Fetching RTX ...
2026-05-04 14:48:42 [INFO    ] [scraper] [112/143] Fetching LMT ...
2026-05-04 14:48:43 [INFO    ] [scraper] [113/143] Fetching HON ...
2026-05-04 14:48:45 [INFO    ] [scraper] [114/143] Fetching UPS ...
2026-05-04 14:48:46 [INFO    ] [scraper] [115/143] Fetching FDX ...
2026-05-04 14:48:48 [INFO    ] [scraper] [116/143] Fetching DE ...
2026-05-04 14:48:49 [INFO    ] [scraper] [117/143] Fetching NEM ...
2026-05-04 14:48:51 [INFO    ] [scraper] [118/143] Fetching FCX ...
2026-05-04 14:48:52 [INFO    ] [scraper] [119/143] Fetching BHP ...
2026-05-04 14:48:54 [INFO    ] [scraper] [120/143] Fetching RIO ...
2026-05-04 14:48:55 [INFO    ] [scraper] [121/143] Fetching AA ...
2026-05-04 14:48:57 [INFO    ] [scraper] [122/143] Fetching NUE ...
2026-05-04 14:48:58 [INFO    ] [scraper] [123/143] Fetching X ...
2026-05-04 14:49:00 [WARNING ] [scraper] No data for X in range 2026-04-03 to 2026-05-04
2026-05-04 14:49:00 [INFO    ] [scraper] [124/143] Fetching LIN ...
2026-05-04 14:49:02 [INFO    ] [scraper] [125/143] Fetching APD ...
2026-05-04 14:49:03 [INFO    ] [scraper] [126/143] Fetching PLD ...
2026-05-04 14:49:05 [INFO    ] [scraper] [127/143] Fetching AMT ...
2026-05-04 14:49:06 [INFO    ] [scraper] [128/143] Fetching EQIX ...
2026-05-04 14:49:07 [INFO    ] [scraper] [129/143] Fetching CCI ...
2026-05-04 14:49:09 [INFO    ] [scraper] [130/143] Fetching SPG ...
2026-05-04 14:49:10 [INFO    ] [scraper] [131/143] Fetching WELL ...
2026-05-04 14:49:12 [INFO    ] [scraper] [132/143] Fetching AVB ...
2026-05-04 14:49:13 [INFO    ] [scraper] [133/143] Fetching EQR ...
2026-05-04 14:49:15 [INFO    ] [scraper] [134/143] Fetching DLR ...
2026-05-04 14:49:16 [INFO    ] [scraper] [135/143] Fetching T ...
2026-05-04 14:49:18 [INFO    ] [scraper] [136/143] Fetching VZ ...
2026-05-04 14:49:19 [INFO    ] [scraper] [137/143] Fetching TMUS ...
2026-05-04 14:49:21 [INFO    ] [scraper] [138/143] Fetching LUMN ...
2026-05-04 14:49:22 [INFO    ] [scraper] [139/143] Fetching DISH ...
2026-05-04 14:49:24 [WARNING ] [scraper] No data for DISH in range 2026-04-03 to 2026-05-04
2026-05-04 14:49:24 [INFO    ] [scraper] [140/143] Fetching CHTR ...
2026-05-04 14:49:25 [INFO    ] [scraper] [141/143] Fetching CMCSA ...
2026-05-04 14:49:27 [INFO    ] [scraper] [142/143] Fetching VOD ...
2026-05-04 14:49:28 [INFO    ] [scraper] [143/143] Fetching SATS ...
2026-05-04 14:49:29 [INFO    ] [scraper] ======================================================================
2026-05-04 14:49:29 [INFO    ] [scraper] Stock collection complete. Total new rows: 0
2026-05-04 14:49:29 [INFO    ] [scraper] ======================================================================
2026-05-04 14:52:41 [INFO    ] [scraper] ======================================================================
2026-05-04 14:52:41 [INFO    ] [scraper] Starting incremental stock collection for 2026-05-03
2026-05-04 14:52:41 [INFO    ] [scraper] ======================================================================
2026-05-04 14:52:41 [INFO    ] [scraper] [1/143] Fetching AAPL ...
2026-05-04 14:52:43 [INFO    ] [scraper] [2/143] Fetching TSLA ...
2026-05-04 14:52:44 [INFO    ] [scraper] [3/143] Fetching AMZN ...
2026-05-04 14:52:46 [INFO    ] [scraper] [4/143] Fetching MSFT ...
2026-05-04 14:52:47 [INFO    ] [scraper] [5/143] Fetching NVDA ...
2026-05-04 14:52:48 [INFO    ] [scraper] [6/143] Fetching GOOGL ...
2026-05-04 14:52:49 [INFO    ] [scraper] [7/143] Fetching META ...
2026-05-04 14:52:50 [INFO    ] [scraper] [8/143] Fetching AMD ...
2026-05-04 14:52:51 [INFO    ] [scraper] [9/143] Fetching INTC ...
2026-05-04 14:52:52 [INFO    ] [scraper] [10/143] Fetching QCOM ...
2026-05-04 14:52:54 [INFO    ] [scraper] [11/143] Fetching AVGO ...
2026-05-04 14:52:55 [INFO    ] [scraper] [12/143] Fetching TSM ...
2026-05-04 14:52:56 [INFO    ] [scraper] [13/143] Fetching ASML ...
2026-05-04 14:52:57 [INFO    ] [scraper] [14/143] Fetching MU ...
2026-05-04 14:52:58 [INFO    ] [scraper] [15/143] Fetching AMAT ...
2026-05-04 14:52:59 [INFO    ] [scraper] [16/143] Fetching KLAC ...
2026-05-04 14:53:00 [INFO    ] [scraper] [17/143] Fetching LRCX ...
2026-05-04 14:53:02 [INFO    ] [scraper] [18/143] Fetching ARM ...
2026-05-04 14:53:03 [INFO    ] [scraper] [19/143] Fetching CRM ...
2026-05-04 14:53:04 [INFO    ] [scraper] [20/143] Fetching NOW ...
2026-05-04 14:53:05 [INFO    ] [scraper] [21/143] Fetching WDAY ...
2026-05-04 14:53:06 [INFO    ] [scraper] [22/143] Fetching SNOW ...
2026-05-04 14:53:07 [INFO    ] [scraper] [23/143] Fetching PLTR ...
2026-05-04 14:53:08 [INFO    ] [scraper] [24/143] Fetching ADBE ...
2026-05-04 14:53:09 [INFO    ] [scraper] [25/143] Fetching ORCL ...
2026-05-04 14:53:11 [INFO    ] [scraper] [26/143] Fetching INTU ...
2026-05-04 14:53:12 [INFO    ] [scraper] [27/143] Fetching DDOG ...
2026-05-04 14:53:13 [INFO    ] [scraper] [28/143] Fetching SHOP ...
2026-05-04 14:53:14 [INFO    ] [scraper] [29/143] Fetching PYPL ...
2026-05-04 14:53:15 [INFO    ] [scraper] [30/143] Fetching NFLX ...
2026-05-04 14:53:16 [INFO    ] [scraper] [31/143] Fetching SPOT ...
2026-05-04 14:53:17 [INFO    ] [scraper] [32/143] Fetching UBER ...
2026-05-04 14:53:18 [INFO    ] [scraper] [33/143] Fetching ABNB ...
2026-05-04 14:53:19 [INFO    ] [scraper] [34/143] Fetching BKNG ...
2026-05-04 14:53:21 [INFO    ] [scraper] [35/143] Fetching DASH ...
2026-05-04 14:53:22 [INFO    ] [scraper] [36/143] Fetching JPM ...
2026-05-04 14:53:23 [INFO    ] [scraper] [37/143] Fetching GS ...
2026-05-04 14:53:24 [INFO    ] [scraper] [38/143] Fetching BAC ...
2026-05-04 14:53:25 [INFO    ] [scraper] [39/143] Fetching MS ...
2026-05-04 14:53:26 [INFO    ] [scraper] [40/143] Fetching C ...
2026-05-04 14:53:28 [INFO    ] [scraper] [41/143] Fetching WFC ...
2026-05-04 14:53:29 [INFO    ] [scraper] [42/143] Fetching BLK ...
2026-05-04 14:53:30 [INFO    ] [scraper] [43/143] Fetching AXP ...
2026-05-04 14:53:31 [INFO    ] [scraper] [44/143] Fetching SCHW ...
2026-05-04 14:53:32 [INFO    ] [scraper] [45/143] Fetching BRK-B ...
2026-05-04 14:53:33 [INFO    ] [scraper] [46/143] Fetching CB ...
2026-05-04 14:53:35 [INFO    ] [scraper] [47/143] Fetching MET ...
2026-05-04 14:53:36 [INFO    ] [scraper] [48/143] Fetching PRU ...
2026-05-04 14:53:37 [INFO    ] [scraper] [49/143] Fetching ALL ...
2026-05-04 14:53:38 [INFO    ] [scraper] [50/143] Fetching PGR ...
2026-05-04 14:53:39 [INFO    ] [scraper] [51/143] Fetching AFL ...
2026-05-04 14:53:41 [INFO    ] [scraper] [52/143] Fetching AIG ...
2026-05-04 14:53:42 [INFO    ] [scraper] [53/143] Fetching TRV ...
2026-05-04 14:53:43 [INFO    ] [scraper] [54/143] Fetching XOM ...
2026-05-04 14:53:44 [INFO    ] [scraper] [55/143] Fetching CVX ...
2026-05-04 14:53:45 [INFO    ] [scraper] [56/143] Fetching COP ...
2026-05-04 14:53:46 [INFO    ] [scraper] [57/143] Fetching BP ...
2026-05-04 14:53:48 [INFO    ] [scraper] [58/143] Fetching SHEL ...
2026-05-04 14:53:49 [INFO    ] [scraper] [59/143] Fetching SLB ...
2026-05-04 14:53:50 [INFO    ] [scraper] [60/143] Fetching OXY ...
2026-05-04 14:53:51 [INFO    ] [scraper] [61/143] Fetching PSX ...
2026-05-04 14:53:52 [INFO    ] [scraper] [62/143] Fetching HAL ...
2026-05-04 14:53:54 [INFO    ] [scraper] [63/143] Fetching NEE ...
2026-05-04 14:53:55 [INFO    ] [scraper] [64/143] Fetching ENPH ...
2026-05-04 14:53:56 [INFO    ] [scraper] [65/143] Fetching SEDG ...
2026-05-04 14:53:57 [INFO    ] [scraper] [66/143] Fetching FSLR ...
2026-05-04 14:53:58 [INFO    ] [scraper] [67/143] Fetching RUN ...
2026-05-04 14:53:59 [INFO    ] [scraper] [68/143] Fetching BE ...
2026-05-04 14:54:00 [INFO    ] [scraper] [69/143] Fetching CEG ...
2026-05-04 14:54:01 [INFO    ] [scraper] [70/143] Fetching VST ...
2026-05-04 14:54:03 [INFO    ] [scraper] [71/143] Fetching AEP ...
2026-05-04 14:54:04 [INFO    ] [scraper] [72/143] Fetching JNJ ...
2026-05-04 14:54:05 [INFO    ] [scraper] [73/143] Fetching PFE ...
2026-05-04 14:54:06 [INFO    ] [scraper] [74/143] Fetching MRK ...
2026-05-04 14:54:07 [INFO    ] [scraper] [75/143] Fetching ABBV ...
2026-05-04 14:54:09 [INFO    ] [scraper] [76/143] Fetching LLY ...
2026-05-04 14:54:10 [INFO    ] [scraper] [77/143] Fetching UNH ...
2026-05-04 14:54:11 [INFO    ] [scraper] [78/143] Fetching CVS ...
2026-05-04 14:54:12 [INFO    ] [scraper] [79/143] Fetching BMY ...
2026-05-04 14:54:13 [INFO    ] [scraper] [80/143] Fetching AMGN ...
2026-05-04 14:54:14 [INFO    ] [scraper] [81/143] Fetching GILD ...
2026-05-04 14:54:16 [INFO    ] [scraper] [82/143] Fetching REGN ...
2026-05-04 14:54:17 [INFO    ] [scraper] [83/143] Fetching VRTX ...
2026-05-04 14:54:18 [INFO    ] [scraper] [84/143] Fetching MRNA ...
2026-05-04 14:54:19 [INFO    ] [scraper] [85/143] Fetching ISRG ...
2026-05-04 14:54:20 [INFO    ] [scraper] [86/143] Fetching BSX ...
2026-05-04 14:54:21 [INFO    ] [scraper] [87/143] Fetching MDT ...
2026-05-04 14:54:22 [INFO    ] [scraper] [88/143] Fetching SYK ...
2026-05-04 14:54:23 [INFO    ] [scraper] [89/143] Fetching EW ...
2026-05-04 14:54:25 [INFO    ] [scraper] [90/143] Fetching KO ...
2026-05-04 14:54:26 [INFO    ] [scraper] [91/143] Fetching PEP ...
2026-05-04 14:54:27 [INFO    ] [scraper] [92/143] Fetching PG ...
2026-05-04 14:54:28 [INFO    ] [scraper] [93/143] Fetching COST ...
2026-05-04 14:54:29 [INFO    ] [scraper] [94/143] Fetching WMT ...
2026-05-04 14:54:31 [INFO    ] [scraper] [95/143] Fetching MCD ...
2026-05-04 14:54:32 [INFO    ] [scraper] [96/143] Fetching MDLZ ...
2026-05-04 14:54:33 [INFO    ] [scraper] [97/143] Fetching CL ...
2026-05-04 14:54:34 [INFO    ] [scraper] [98/143] Fetching GIS ...
2026-05-04 14:54:35 [INFO    ] [scraper] [99/143] Fetching NKE ...
2026-05-04 14:54:36 [INFO    ] [scraper] [100/143] Fetching SBUX ...
2026-05-04 14:54:38 [INFO    ] [scraper] [101/143] Fetching TGT ...
2026-05-04 14:54:39 [INFO    ] [scraper] [102/143] Fetching HD ...
2026-05-04 14:54:40 [INFO    ] [scraper] [103/143] Fetching DIS ...
2026-05-04 14:54:41 [INFO    ] [scraper] [104/143] Fetching RIVN ...
2026-05-04 14:54:42 [INFO    ] [scraper] [105/143] Fetching GM ...
2026-05-04 14:54:43 [INFO    ] [scraper] [106/143] Fetching F ...
2026-05-04 14:54:45 [INFO    ] [scraper] [107/143] Fetching LOW ...
2026-05-04 14:54:46 [INFO    ] [scraper] [108/143] Fetching BA ...
2026-05-04 14:54:47 [INFO    ] [scraper] [109/143] Fetching CAT ...
2026-05-04 14:54:48 [INFO    ] [scraper] [110/143] Fetching GE ...
2026-05-04 14:54:49 [INFO    ] [scraper] [111/143] Fetching RTX ...
2026-05-04 14:54:51 [INFO    ] [scraper] [112/143] Fetching LMT ...
2026-05-04 14:54:52 [INFO    ] [scraper] [113/143] Fetching HON ...
2026-05-04 14:54:53 [INFO    ] [scraper] [114/143] Fetching UPS ...
2026-05-04 14:54:54 [INFO    ] [scraper] [115/143] Fetching FDX ...
2026-05-04 14:54:55 [INFO    ] [scraper] [116/143] Fetching DE ...
2026-05-04 14:54:57 [INFO    ] [scraper] [117/143] Fetching NEM ...
2026-05-04 14:54:58 [INFO    ] [scraper] [118/143] Fetching FCX ...
2026-05-04 14:54:59 [INFO    ] [scraper] [119/143] Fetching BHP ...
2026-05-04 14:55:00 [INFO    ] [scraper] [120/143] Fetching RIO ...
2026-05-04 14:55:02 [INFO    ] [scraper] [121/143] Fetching AA ...
2026-05-04 14:55:03 [INFO    ] [scraper] [122/143] Fetching NUE ...
2026-05-04 14:55:04 [INFO    ] [scraper] [123/143] Fetching X ...
2026-05-04 14:55:06 [WARNING ] [scraper] No data for X in range 2026-04-03 to 2026-05-04
2026-05-04 14:55:06 [INFO    ] [scraper] [124/143] Fetching LIN ...
2026-05-04 14:55:08 [INFO    ] [scraper] [125/143] Fetching APD ...
2026-05-04 14:55:09 [INFO    ] [scraper] [126/143] Fetching PLD ...
2026-05-04 14:55:10 [INFO    ] [scraper] [127/143] Fetching AMT ...
2026-05-04 14:55:11 [INFO    ] [scraper] [128/143] Fetching EQIX ...
2026-05-04 14:55:12 [INFO    ] [scraper] [129/143] Fetching CCI ...
2026-05-04 14:55:13 [INFO    ] [scraper] [130/143] Fetching SPG ...
2026-05-04 14:55:15 [INFO    ] [scraper] [131/143] Fetching WELL ...
2026-05-04 14:55:16 [INFO    ] [scraper] [132/143] Fetching AVB ...
2026-05-04 14:55:17 [INFO    ] [scraper] [133/143] Fetching EQR ...
2026-05-04 14:55:18 [INFO    ] [scraper] [134/143] Fetching DLR ...
2026-05-04 14:55:19 [INFO    ] [scraper] [135/143] Fetching T ...
2026-05-04 14:55:20 [INFO    ] [scraper] [136/143] Fetching VZ ...
2026-05-04 14:55:21 [INFO    ] [scraper] [137/143] Fetching TMUS ...
2026-05-04 14:55:23 [INFO    ] [scraper] [138/143] Fetching LUMN ...
2026-05-04 14:55:24 [INFO    ] [scraper] [139/143] Fetching DISH ...
2026-05-04 14:55:25 [WARNING ] [scraper] No data for DISH in range 2026-04-03 to 2026-05-04
2026-05-04 14:55:25 [INFO    ] [scraper] [140/143] Fetching CHTR ...
2026-05-04 14:55:27 [INFO    ] [scraper] [141/143] Fetching CMCSA ...
2026-05-04 14:55:28 [INFO    ] [scraper] [142/143] Fetching VOD ...
2026-05-04 14:55:29 [INFO    ] [scraper] [143/143] Fetching SATS ...
2026-05-04 14:55:30 [INFO    ] [scraper] ======================================================================
2026-05-04 14:55:30 [INFO    ] [scraper] Stock collection complete. Total new rows: 0
2026-05-04 14:55:30 [INFO    ] [scraper] ======================================================================
